<?xml version="1.0" encoding="UTF-8"?>
<!-- Generated by org.testng.reporters.JUnitReportReporter -->
<testsuite skipped="0" hostname="DESKTOP-4FHOASP" name="com.rescale.api.testcases.TC0002_Upload_File" tests="1" failures="0" timestamp="14 Aug 2019 23:12:55 GMT" time="0.213" errors="0">
  <testcase name="verifyUploadFile_StatusCode" time="0.213" classname="com.rescale.api.testcases.TC0002_Upload_File"/>
</testsuite> <!-- com.rescale.api.testcases.TC0002_Upload_File -->
