<?xml version="1.0" encoding="UTF-8"?>
<!-- Generated by org.testng.reporters.JUnitReportReporter -->
<testsuite skipped="0" hostname="DESKTOP-4FHOASP" name="com.rescale.api.testcases.TC0001_Get_All_Files" tests="4" failures="0" timestamp="14 Aug 2019 19:52:02 GMT" time="0.036" errors="0">
  <testcase name="checkResponsebody" time="0.029" classname="com.rescale.api.testcases.TC0001_Get_All_Files"/>
  <testcase name="checkStatusCode" time="0.003" classname="com.rescale.api.testcases.TC0001_Get_All_Files"/>
  <testcase name="checkContentType" time="0.002" classname="com.rescale.api.testcases.TC0001_Get_All_Files"/>
  <testcase name="checkFilesListCount" time="0.002" classname="com.rescale.api.testcases.TC0001_Get_All_Files"/>
</testsuite> <!-- com.rescale.api.testcases.TC0001_Get_All_Files -->
